<?xml version="1.0" encoding="UTF-8"?>
<!-- Generated by org.testng.reporters.JUnitXMLReporter -->
<testsuite ignored="0" hostname="DESKTOP-ELJS5BO" failures="3" tests="4" name="BankingApp Test" time="265.92" errors="0" timestamp="2022-12-20T20:10:16 IST">
  <testcase classname="com.inetbanking2.testCases.TC_LoginDDT_001" name="loginDDT" time="49.945"/>
  <testcase classname="com.inetbanking2.testCases.TC_LoginDDT_001" name="loginDDT" time="51.164">
    <failure type="junit.framework.AssertionFailedError">
      <![CDATA[junit.framework.AssertionFailedError
at junit.framework.Assert.fail(Assert.java:47)
at junit.framework.Assert.assertTrue(Assert.java:20)
at junit.framework.Assert.assertTrue(Assert.java:27)
at com.inetbanking2.testCases.TC_LoginDDT_001.loginDDT(TC_LoginDDT_001.java:32)
at java.base/java.util.ArrayList.forEach(ArrayList.java:1511)
... Removed 27 stack frames]]>
    </failure>
  </testcase> <!-- loginDDT -->
  <testcase classname="com.inetbanking2.testCases.TC_LoginDDT_001" name="loginDDT" time="49.123">
    <failure type="junit.framework.AssertionFailedError">
      <![CDATA[junit.framework.AssertionFailedError
at junit.framework.Assert.fail(Assert.java:47)
at junit.framework.Assert.assertTrue(Assert.java:20)
at junit.framework.Assert.assertTrue(Assert.java:27)
at com.inetbanking2.testCases.TC_LoginDDT_001.loginDDT(TC_LoginDDT_001.java:32)
at java.base/java.util.ArrayList.forEach(ArrayList.java:1511)
... Removed 27 stack frames]]>
    </failure>
  </testcase> <!-- loginDDT -->
  <testcase classname="com.inetbanking2.testCases.TC_LoginDDT_001" name="loginDDT" time="23.665">
    <failure type="junit.framework.AssertionFailedError">
      <![CDATA[junit.framework.AssertionFailedError
at junit.framework.Assert.fail(Assert.java:47)
at junit.framework.Assert.assertTrue(Assert.java:20)
at junit.framework.Assert.assertTrue(Assert.java:27)
at com.inetbanking2.testCases.TC_LoginDDT_001.loginDDT(TC_LoginDDT_001.java:32)
at java.base/java.util.ArrayList.forEach(ArrayList.java:1511)
... Removed 27 stack frames]]>
    </failure>
  </testcase> <!-- loginDDT -->
</testsuite> <!-- BankingApp Test -->
