<?xml version="1.0" encoding="UTF-8"?>
<testng-results ignored="0" total="1" passed="1" failed="0" skipped="0">
  <reporter-output>
  </reporter-output>
  <suite started-at="2022-12-22T16:00:21 IST" name="InetBankingV2" finished-at="2022-12-22T16:02:33 IST" duration-ms="131180">
    <groups>
    </groups>
    <test started-at="2022-12-22T16:00:21 IST" name="BankingApp Test" finished-at="2022-12-22T16:02:33 IST" duration-ms="131180">
      <class name="com.inetbanking2.testCases.TC_LoginTest_001">
        <test-method is-config="true" signature="setup(java.lang.String)[pri:0, instance:com.inetbanking2.testCases.TC_LoginTest_001@9f116cc]" started-at="2022-12-22T16:00:23 IST" name="setup" finished-at="2022-12-22T16:02:22 IST" duration-ms="119214" status="PASS">
          <params>
            <param index="0">
              <value>
                <![CDATA[chrome]]>
              </value>
            </param>
          </params>
          <reporter-output>
          </reporter-output>
        </test-method> <!-- setup -->
        <test-method signature="Login()[pri:0, instance:com.inetbanking2.testCases.TC_LoginTest_001@9f116cc]" started-at="2022-12-22T16:02:22 IST" name="Login" finished-at="2022-12-22T16:02:30 IST" duration-ms="7308" status="PASS">
          <reporter-output>
          </reporter-output>
        </test-method> <!-- Login -->
        <test-method is-config="true" signature="teardown()[pri:0, instance:com.inetbanking2.testCases.TC_LoginTest_001@9f116cc]" started-at="2022-12-22T16:02:30 IST" name="teardown" finished-at="2022-12-22T16:02:33 IST" duration-ms="2748" status="PASS">
          <reporter-output>
          </reporter-output>
        </test-method> <!-- teardown -->
      </class> <!-- com.inetbanking2.testCases.TC_LoginTest_001 -->
    </test> <!-- BankingApp Test -->
  </suite> <!-- InetBankingV2 -->
</testng-results>
